<?xml version="1.0" encoding="UTF-8"?>
<!-- Generated by org.testng.reporters.JUnitReportReporter -->
<testsuite skipped="0" hostname="DESKTOP-57UBSTI" name="m1.TestHello" tests="1" failures="0" timestamp="17 Jun 2018 13:30:16 GMT" time="0.018" errors="0">
  <testcase name="demo1" time="0.018" classname="m1.TestHello"/>
</testsuite> <!-- m1.TestHello -->
